<?xml version="1.0" encoding="UTF-8"?>
<!-- Generated by org.testng.reporters.JUnitReportReporter -->
<testsuite hostname="CVC2359" failures="0" tests="1" name="TestNGTutorial.day1" time="0.023" errors="0" timestamp="2025-01-22T15:18:14 IST" skipped="0">
  <testcase classname="TestNGTutorial.day1" name="demo" time="0.023"/>
  <system-out/>
</testsuite> <!-- TestNGTutorial.day1 -->
