<?xml version="1.0" encoding="UTF-8"?>
<!-- Generated by org.testng.reporters.JUnitReportReporter -->
<testsuite hostname="CVC2359" failures="0" tests="1" name="test.LoginTest" time="11.148" errors="0" timestamp="2024-11-12T20:53:42 IST" skipped="0">
  <testcase classname="test.LoginTest" name="testValidLogin" time="11.148"/>
  <system-out/>
</testsuite> <!-- test.LoginTest -->
