<?xml version="1.0" encoding="UTF-8"?>
<!-- Generated by org.testng.reporters.JUnitReportReporter -->
<testsuite hostname="CVC2359" failures="0" tests="1" name="SetPropClass" time="0.020" errors="0" timestamp="2024-10-21T15:59:55 IST" skipped="0">
  <testcase classname="SetPropClass" name="Testi" time="0.020"/>
  <system-out/>
</testsuite> <!-- SetPropClass -->
